<?xml version="1.0" encoding="UTF-8"?>
<coverage generated="1518039484417" clover="3.2.0">
  <project timestamp="1518039484417" name="All files">
    <metrics statements="15" coveredstatements="14" conditionals="5" coveredconditionals="4" methods="5" coveredmethods="4" elements="25" coveredelements="22" complexity="0" loc="15" ncloc="15" packages="3" files="4" classes="4">
      <package name="actions">
        <metrics statements="3" coveredstatements="3" conditionals="0" coveredconditionals="0" methods="1" coveredmethods="1"/>
        <file name="index.js" path="/Users/ramonmiklus/Documents/projects/webpack_redux_react/src/actions/index.js">
          <metrics statements="3" coveredstatements="3" conditionals="0" coveredconditionals="0" methods="1" coveredmethods="1"/>
          <line num="1" count="1" type="stmt"/>
          <line num="2" count="2" type="stmt"/>
          <line num="8" count="1" type="stmt"/>
        </file>
      </package>
      <package name="reducers">
        <metrics statements="5" coveredstatements="5" conditionals="3" coveredconditionals="3" methods="1" coveredmethods="1"/>
        <file name="index.js" path="/Users/ramonmiklus/Documents/projects/webpack_redux_react/src/reducers/index.js">
          <metrics statements="1" coveredstatements="1" conditionals="0" coveredconditionals="0" methods="0" coveredmethods="0"/>
          <line num="4" count="1" type="stmt"/>
        </file>
        <file name="textReducer.js" path="/Users/ramonmiklus/Documents/projects/webpack_redux_react/src/reducers/textReducer.js">
          <metrics statements="4" coveredstatements="4" conditionals="3" coveredconditionals="3" methods="1" coveredmethods="1"/>
          <line num="3" count="1" type="cond" truecount="1" falsecount="0"/>
          <line num="4" count="5" type="cond" truecount="2" falsecount="0"/>
          <line num="6" count="2" type="stmt"/>
          <line num="8" count="3" type="stmt"/>
        </file>
      </package>
      <package name="store">
        <metrics statements="7" coveredstatements="6" conditionals="2" coveredconditionals="1" methods="3" coveredmethods="2"/>
        <file name="index.js" path="/Users/ramonmiklus/Documents/projects/webpack_redux_react/src/store/index.js">
          <metrics statements="7" coveredstatements="6" conditionals="2" coveredconditionals="1" methods="3" coveredmethods="2"/>
          <line num="6" count="1" type="stmt"/>
          <line num="9" count="1" type="stmt"/>
          <line num="10" count="0" type="stmt"/>
          <line num="20" count="1" type="stmt"/>
          <line num="21" count="1" type="stmt"/>
          <line num="26" count="1" type="stmt"/>
          <line num="27" count="1" type="cond" truecount="1" falsecount="1"/>
        </file>
      </package>
    </metrics>
  </project>
</coverage>
