{"/Users/ramonmiklus/Documents/projects/webpack_redux_react/src/actions/index.js": {"path":"/Users/ramonmiklus/Documents/projects/webpack_redux_react/src/actions/index.js","statementMap":{"0":{"start":{"line":1,"column":23},"end":{"line":6,"column":1}},"1":{"start":{"line":2,"column":4},"end":{"line":5,"column":6}},"2":{"start":{"line":8,"column":24},"end":{"line":8,"column":34}}},"fnMap":{"0":{"name":"(anonymous_0)","decl":{"start":{"line":1,"column":23},"end":{"line":1,"column":24}},"loc":{"start":{"line":1,"column":33},"end":{"line":6,"column":1}},"line":1}},"branchMap":{},"s":{"0":2,"1":2,"2":2},"f":{"0":2},"b":{},"_coverageSchema":"332fd63041d2c1bcb487cc26dd0d5f7d97098a6c","hash":"3ece939e754ba0e229220d34857e226c911309da"}
,"/Users/ramonmiklus/Documents/projects/webpack_redux_react/src/reducers/index.js": {"path":"/Users/ramonmiklus/Documents/projects/webpack_redux_react/src/reducers/index.js","statementMap":{"0":{"start":{"line":4,"column":17},"end":{"line":4,"column":42}}},"fnMap":{},"branchMap":{},"s":{"0":1},"f":{},"b":{},"_coverageSchema":"332fd63041d2c1bcb487cc26dd0d5f7d97098a6c","hash":"8e8fdef7e7547b660e2082d0eb295b9e9438f9b1"}
,"/Users/ramonmiklus/Documents/projects/webpack_redux_react/src/reducers/textReducer.js": {"path":"/Users/ramonmiklus/Documents/projects/webpack_redux_react/src/reducers/textReducer.js","statementMap":{"0":{"start":{"line":3,"column":13},"end":{"line":10,"column":1}},"1":{"start":{"line":4,"column":4},"end":{"line":9,"column":5}},"2":{"start":{"line":6,"column":12},"end":{"line":6,"column":45}},"3":{"start":{"line":8,"column":12},"end":{"line":8,"column":25}}},"fnMap":{"0":{"name":"(anonymous_0)","decl":{"start":{"line":3,"column":13},"end":{"line":3,"column":14}},"loc":{"start":{"line":3,"column":37},"end":{"line":10,"column":1}},"line":3}},"branchMap":{"0":{"loc":{"start":{"line":3,"column":14},"end":{"line":3,"column":24}},"type":"default-arg","locations":[{"start":{"line":3,"column":22},"end":{"line":3,"column":24}}],"line":3},"1":{"loc":{"start":{"line":4,"column":4},"end":{"line":9,"column":5}},"type":"switch","locations":[{"start":{"line":5,"column":8},"end":{"line":6,"column":45}},{"start":{"line":7,"column":8},"end":{"line":8,"column":25}}],"line":4}},"s":{"0":1,"1":5,"2":2,"3":3},"f":{"0":5},"b":{"0":[3],"1":[2,3]},"_coverageSchema":"332fd63041d2c1bcb487cc26dd0d5f7d97098a6c","hash":"4c2349b740f6b80ce6681bcea0f39cba0cbdf4eb"}
,"/Users/ramonmiklus/Documents/projects/webpack_redux_react/src/store/index.js": {"path":"/Users/ramonmiklus/Documents/projects/webpack_redux_react/src/store/index.js","statementMap":{"0":{"start":{"line":6,"column":25},"end":{"line":6,"column":39}},"1":{"start":{"line":13,"column":23},"end":{"line":22,"column":1}},"2":{"start":{"line":14,"column":1},"end":{"line":21,"column":3}},"3":{"start":{"line":28,"column":24},"end":{"line":32,"column":1}},"4":{"start":{"line":29,"column":1},"end":{"line":31,"column":3}},"5":{"start":{"line":35,"column":0},"end":{"line":38,"column":5}},"6":{"start":{"line":37,"column":1},"end":{"line":37,"column":78}}},"fnMap":{"0":{"name":"(anonymous_0)","decl":{"start":{"line":13,"column":23},"end":{"line":13,"column":24}},"loc":{"start":{"line":13,"column":29},"end":{"line":22,"column":1}},"line":13},"1":{"name":"(anonymous_1)","decl":{"start":{"line":28,"column":24},"end":{"line":28,"column":25}},"loc":{"start":{"line":28,"column":30},"end":{"line":32,"column":1}},"line":28},"2":{"name":"initStore","decl":{"start":{"line":35,"column":10},"end":{"line":35,"column":19}},"loc":{"start":{"line":35,"column":22},"end":{"line":38,"column":1}},"line":35}},"branchMap":{"0":{"loc":{"start":{"line":37,"column":8},"end":{"line":37,"column":77}},"type":"cond-expr","locations":[{"start":{"line":37,"column":41},"end":{"line":37,"column":57}},{"start":{"line":37,"column":60},"end":{"line":37,"column":77}}],"line":37}},"s":{"0":1,"1":1,"2":0,"3":1,"4":1,"5":1,"6":1},"f":{"0":0,"1":1,"2":1},"b":{"0":[0,1]},"_coverageSchema":"332fd63041d2c1bcb487cc26dd0d5f7d97098a6c","hash":"bc632fe6f33f090ffe0d706cb209a62742cd194b"}
}
