TN:
SF:/Users/ramonmiklus/Documents/projects/webpack_redux_react/src/actions/index.js
FN:1,(anonymous_0)
FNF:1
FNH:1
FNDA:2,(anonymous_0)
DA:1,1
DA:2,2
DA:8,1
LF:3
LH:3
BRF:0
BRH:0
end_of_record
TN:
SF:/Users/ramonmiklus/Documents/projects/webpack_redux_react/src/reducers/index.js
FNF:0
FNH:0
DA:4,1
LF:1
LH:1
BRF:0
BRH:0
end_of_record
TN:
SF:/Users/ramonmiklus/Documents/projects/webpack_redux_react/src/reducers/textReducer.js
FN:3,(anonymous_0)
FNF:1
FNH:1
FNDA:5,(anonymous_0)
DA:3,1
DA:4,5
DA:6,2
DA:8,3
LF:4
LH:4
BRDA:3,0,0,3
BRDA:4,1,0,2
BRDA:4,1,1,3
BRF:3
BRH:3
end_of_record
TN:
SF:/Users/ramonmiklus/Documents/projects/webpack_redux_react/src/store/index.js
FN:9,(anonymous_0)
FN:20,(anonymous_1)
FN:26,initStore
FNF:3
FNH:2
FNDA:0,(anonymous_0)
FNDA:1,(anonymous_1)
FNDA:1,initStore
DA:6,1
DA:9,1
DA:10,0
DA:20,1
DA:21,1
DA:26,1
DA:27,1
LF:7
LH:6
BRDA:27,0,0,0
BRDA:27,0,1,1
BRF:2
BRH:1
end_of_record
